<?xml version="1.0" encoding="UTF-8"?>
<testsuite xmlns:xsi="http://www.w3.org/2001/XMLSchema-instance" xsi:schemaLocation="https://maven.apache.org/surefire/maven-surefire-plugin/xsd/surefire-test-report.xsd" name="com.Test.KumarGauravJain.runTest.RunTest" time="51.707" tests="11" errors="0" skipped="0" failures="0">
  <properties>
    <property name="java.runtime.name" value="Java(TM) SE Runtime Environment"/>
    <property name="sun.boot.library.path" value="C:\Program Files\Java\jdk1.8.0_271\jre\bin"/>
    <property name="java.vm.version" value="25.271-b09"/>
    <property name="java.vm.vendor" value="Oracle Corporation"/>
    <property name="maven.multiModuleProjectDirectory" value="C:\Users\kapil.gupta\workspace\Assessment"/>
    <property name="java.vendor.url" value="http://java.oracle.com/"/>
    <property name="path.separator" value=";"/>
    <property name="guice.disable.misplaced.annotation.check" value="true"/>
    <property name="java.vm.name" value="Java HotSpot(TM) 64-Bit Server VM"/>
    <property name="file.encoding.pkg" value="sun.io"/>
    <property name="user.script" value=""/>
    <property name="user.country" value="GB"/>
    <property name="sun.java.launcher" value="SUN_STANDARD"/>
    <property name="sun.os.patch.level" value=""/>
    <property name="java.vm.specification.name" value="Java Virtual Machine Specification"/>
    <property name="user.dir" value="C:\Users\kapil.gupta\workspace\Assessment"/>
    <property name="java.runtime.version" value="1.8.0_271-b09"/>
    <property name="java.awt.graphicsenv" value="sun.awt.Win32GraphicsEnvironment"/>
    <property name="java.endorsed.dirs" value="C:\Program Files\Java\jdk1.8.0_271\jre\lib\endorsed"/>
    <property name="os.arch" value="amd64"/>
    <property name="java.io.tmpdir" value="C:\Users\KAPIL~1.GUP\AppData\Local\Temp\1\"/>
    <property name="line.separator" value="&#10;"/>
    <property name="java.vm.specification.vendor" value="Oracle Corporation"/>
    <property name="user.variant" value=""/>
    <property name="os.name" value="Windows 10"/>
    <property name="classworlds.conf" value="C:\Users\kapil.gupta\workspace\.metadata\.plugins\org.eclipse.m2e.launching\launches\m2conf8175819639623262688.tmp"/>
    <property name="sun.jnu.encoding" value="Cp1252"/>
    <property name="java.library.path" value="C:\Program Files\Java\jdk1.8.0_271\bin;C:\WINDOWS\Sun\Java\bin;C:\WINDOWS\system32;C:\WINDOWS;C:/Program Files/Java/jdk1.8.0_271/bin/../jre/bin/server;C:/Program Files/Java/jdk1.8.0_271/bin/../jre/bin;C:/Program Files/Java/jdk1.8.0_271/bin/../jre/lib/amd64;C:\Program Files (x86)\Common Files\Oracle\Java\javapath;C:\Windows\System32;C:\Windows;C:\Windows\System32\wbem;C:\Windows\System32\WindowsPowerShell\v1.0\;C:\Windows\System32\OpenSSH\;C:\Program Files (x86)\Microsoft SQL Server\110\Tools\Binn\ManagementStudio\;C:\Program Files (x86)\Microsoft SQL Server\110\Tools\Binn\;C:\Program Files\Microsoft SQL Server\110\Tools\Binn\;C:\Program Files (x86)\Microsoft SQL Server\110\DTS\Binn\;C:\apache-maven-3.3.3\bin;C:\Users\kapil.gupta\AppData\Local\Android\Sdk;C:\Users\kapil.gupta\AppData\Roaming\npm;C:\Program Files\Java\jdk1.8.0_271\bin;C:\Users\kapil.gupta\Downloads\Softwares\IEDriverServer_x64_3.150.1;C:\Program Files\Git\cmd;C:\Users\kapil.gupta\AppData\Local\Microsoft\WindowsApps;C:\Users\KAPIL~1.GUP\AppData\Local\Android\Sdk;C:\apache-maven-3.3.3\bin;C:\Users\KAPIL~1.GUP\AppData\Roaming\npm;C:\Users\kapil.gupta\Downloads\Softwares\IEDriverServer_x64_3.150.1;;C:\Users\kapil.gupta\Downloads\eclipse-dsl-neon-3-win32-x86_64\eclipse;;."/>
    <property name="java.specification.name" value="Java Platform API Specification"/>
    <property name="java.class.version" value="52.0"/>
    <property name="sun.management.compiler" value="HotSpot 64-Bit Tiered Compilers"/>
    <property name="os.version" value="10.0"/>
    <property name="user.home" value="C:\Users\kapil.gupta"/>
    <property name="user.timezone" value="Europe/London"/>
    <property name="java.awt.printerjob" value="sun.awt.windows.WPrinterJob"/>
    <property name="java.specification.version" value="1.8"/>
    <property name="file.encoding" value="Cp1252"/>
    <property name="user.name" value="Kapil.Gupta"/>
    <property name="java.class.path" value="/C:/Users/kapil.gupta/Downloads/eclipse-dsl-neon-3-win32-x86_64/eclipse/plugins/org.eclipse.m2e.maven.runtime_1.7.0.20160603-1931/jars/plexus-classworlds-2.5.2.jar"/>
    <property name="java.vm.specification.version" value="1.8"/>
    <property name="sun.arch.data.model" value="64"/>
    <property name="java.home" value="C:\Program Files\Java\jdk1.8.0_271\jre"/>
    <property name="sun.java.command" value="org.codehaus.plexus.classworlds.launcher.Launcher -B clean verify"/>
    <property name="java.specification.vendor" value="Oracle Corporation"/>
    <property name="user.language" value="en"/>
    <property name="awt.toolkit" value="sun.awt.windows.WToolkit"/>
    <property name="java.vm.info" value="mixed mode"/>
    <property name="java.version" value="1.8.0_271"/>
    <property name="java.ext.dirs" value="C:\Program Files\Java\jdk1.8.0_271\jre\lib\ext;C:\WINDOWS\Sun\Java\lib\ext"/>
    <property name="sun.boot.class.path" value="C:\Program Files\Java\jdk1.8.0_271\jre\lib\resources.jar;C:\Program Files\Java\jdk1.8.0_271\jre\lib\rt.jar;C:\Program Files\Java\jdk1.8.0_271\jre\lib\sunrsasign.jar;C:\Program Files\Java\jdk1.8.0_271\jre\lib\jsse.jar;C:\Program Files\Java\jdk1.8.0_271\jre\lib\jce.jar;C:\Program Files\Java\jdk1.8.0_271\jre\lib\charsets.jar;C:\Program Files\Java\jdk1.8.0_271\jre\lib\jfr.jar;C:\Program Files\Java\jdk1.8.0_271\jre\classes"/>
    <property name="java.vendor" value="Oracle Corporation"/>
    <property name="maven.home" value="C:\Users\kapil.gupta\workspace\Assessment\EMBEDDED"/>
    <property name="file.separator" value="\"/>
    <property name="java.vendor.url.bug" value="http://bugreport.sun.com/bugreport/"/>
    <property name="sun.cpu.endian" value="little"/>
    <property name="sun.io.unicode.encoding" value="UnicodeLittle"/>
    <property name="sun.desktop" value="windows"/>
    <property name="sun.cpu.isalist" value="amd64"/>
  </properties>
  <testcase name="Given launch automation practise site" classname="Scenario: order t-shirt &amp; validate order history" time="0.002"/>
  <testcase name="When select t-shirt tab and place an order" classname="Scenario: order t-shirt &amp; validate order history" time="0"/>
  <testcase name="And sign-in for successful checkout" classname="Scenario: order t-shirt &amp; validate order history" time="0"/>
  <testcase name="And accept the agreement &amp; place order" classname="Scenario: order t-shirt &amp; validate order history" time="0"/>
  <testcase name="Then validate order status &amp; the amount" classname="Scenario: order t-shirt &amp; validate order history" time="0"/>
  <testcase name="Scenario: order t-shirt &amp; validate order history" classname="Scenario: order t-shirt &amp; validate order history" time="0.001"/>
  <testcase name="Given launch automation practise site" classname="Scenario: Update user profile" time="0"/>
  <testcase name="When sign-in to access the user account" classname="Scenario: Update user profile" time="0"/>
  <testcase name="And update user name" classname="Scenario: Update user profile" time="0"/>
  <testcase name="Then validate profile update status" classname="Scenario: Update user profile" time="0"/>
  <testcase name="Scenario: Update user profile" classname="Scenario: Update user profile" time="0.002"/>
</testsuite>